<?xml version="1.0" encoding="UTF-8"?>
<testsuite name="Num2WordTest" tests="1" skipped="0" failures="0" errors="0" timestamp="2016-04-19T22:47:10" hostname="epicodus-42.local" time="0.001">
  <properties/>
  <testcase name="convertToWord_convertSingleDigitToString_One" classname="Num2WordTest" time="0.001"/>
  <system-out><![CDATA[]]></system-out>
  <system-err><![CDATA[]]></system-err>
</testsuite>
